I0705 08:02:31.109187       1 azurefile.go:65] 
DRIVER INFORMATION:
-------------------
Build Date: "2019-04-17T04:52:34Z"
Compiler: gc
Driver Name: file.csi.azure.com
Driver Version: v0.2.0-alpha
Git Commit: 106a12028a520bc25facd6d01d77e6a1c828e52b
Go Version: go1.12.1
Platform: linux/amd64

Streaming logs below:
I0705 08:02:31.109356       1 azure.go:34] AZURE_CREDENTIAL_FILE env var set as /etc/kubernetes/azure.json
I0705 08:02:31.109909       1 azure_auth.go:81] azure: using client_id+client_secret to retrieve access token
I0705 08:02:31.109958       1 azure.go:258] Azure cloudprovider (read ops) using rate limit config: QPS=3, bucket=10
I0705 08:02:31.109968       1 azure.go:262] Azure cloudprovider (write ops) using rate limit config: QPS=1, bucket=5
I0705 08:02:31.110044       1 azure.go:324] Azure cloudprovider using try backoff: retries=6, exponent=1.500000, duration=5, jitter=1.000000
I0705 08:02:31.110157       1 mount_linux.go:165] Detected OS without systemd
I0705 08:02:31.110189       1 driver.go:80] Enabling controller service capability: CREATE_DELETE_VOLUME
I0705 08:02:31.110195       1 driver.go:99] Enabling volume access mode: SINGLE_NODE_WRITER
I0705 08:02:31.110198       1 driver.go:99] Enabling volume access mode: SINGLE_NODE_READER_ONLY
I0705 08:02:31.110201       1 driver.go:99] Enabling volume access mode: MULTI_NODE_READER_ONLY
I0705 08:02:31.110203       1 driver.go:99] Enabling volume access mode: MULTI_NODE_SINGLE_WRITER
I0705 08:02:31.110206       1 driver.go:99] Enabling volume access mode: MULTI_NODE_MULTI_WRITER
I0705 08:02:31.110258       1 driver.go:90] Enabling node service capability: UNKNOWN
I0705 08:02:31.110628       1 server.go:104] Listening for connections on address: &net.UnixAddr{Name:"//csi/csi.sock", Net:"unix"}
I0705 08:02:31.128009       1 utils.go:106] GRPC call: /csi.v1.Identity/GetPluginInfo
I0705 08:02:31.128019       1 utils.go:107] GRPC request: 
I0705 08:02:31.128035       1 identityserver.go:32] Using default GetPluginInfo
I0705 08:02:31.128039       1 utils.go:112] GRPC response: name:"file.csi.azure.com" vendor_version:"v0.2.0-alpha" 
I0705 08:02:31.190892       1 utils.go:106] GRPC call: /csi.v1.Node/NodeGetInfo
I0705 08:02:31.191310       1 utils.go:107] GRPC request: 
I0705 08:02:31.191457       1 nodeserver.go:228] Using default NodeGetInfo
I0705 08:02:31.191474       1 utils.go:112] GRPC response: node_id:"aks-agentpool-41197296-0" 
I0705 08:03:06.015298       1 utils.go:106] GRPC call: /csi.v1.Identity/GetPluginInfo
I0705 08:03:06.015315       1 utils.go:107] GRPC request: 
I0705 08:03:06.015505       1 identityserver.go:32] Using default GetPluginInfo
I0705 08:03:06.015511       1 utils.go:112] GRPC response: name:"file.csi.azure.com" vendor_version:"v0.2.0-alpha" 
I0705 08:03:06.017822       1 utils.go:106] GRPC call: /csi.v1.Identity/Probe
I0705 08:03:06.017838       1 utils.go:107] GRPC request: 
I0705 08:03:06.017853       1 utils.go:112] GRPC response: ready:<value:true > 
I0705 08:03:26.435030       1 utils.go:106] GRPC call: /csi.v1.Node/NodeGetCapabilities
I0705 08:03:26.435067       1 utils.go:107] GRPC request: 
I0705 08:03:26.435113       1 nodeserver.go:219] Using default NodeGetCapabilities
I0705 08:03:26.435117       1 utils.go:112] GRPC response: capabilities:<rpc:<> > 
I0705 08:03:26.437540       1 utils.go:106] GRPC call: /csi.v1.Node/NodeGetCapabilities
I0705 08:03:26.437711       1 utils.go:107] GRPC request: 
I0705 08:03:26.437750       1 nodeserver.go:219] Using default NodeGetCapabilities
I0705 08:03:26.437756       1 utils.go:112] GRPC response: capabilities:<rpc:<> > 
I0705 08:03:26.441378       1 utils.go:106] GRPC call: /csi.v1.Node/NodePublishVolume
I0705 08:03:26.441392       1 utils.go:107] GRPC request: volume_id:"#f552731369e2711e986302a#pvc-file-dynamic-4f15d2c2-9efb-11e9-9b04-62a577470e82" target_path:"/var/lib/kubelet/pods/54aecd2a-9efb-11e9-8cfc-6a8c114c6466/volumes/kubernetes.io~csi/pvc-488cf097-9efb-11e9-8cfc-6a8c114c6466/mount" volume_capability:<mount:<fs_type:"ext4" > access_mode:<mode:MULTI_NODE_MULTI_WRITER > > volume_context:<key:"skuName" value:"Standard_LRS" > volume_context:<key:"storage.kubernetes.io/csiProvisionerIdentity" value:"1562313724734-8081-file.csi.azure.com" > 
I0705 08:03:26.441690       1 nodeserver.go:76] target /var/lib/kubelet/pods/54aecd2a-9efb-11e9-8cfc-6a8c114c6466/volumes/kubernetes.io~csi/pvc-488cf097-9efb-11e9-8cfc-6a8c114c6466/mount
fstype ext4

readonly false
volumeId #f552731369e2711e986302a#pvc-file-dynamic-4f15d2c2-9efb-11e9-9b04-62a577470e82
context map[skuName:Standard_LRS storage.kubernetes.io/csiProvisionerIdentity:1562313724734-8081-file.csi.azure.com]
mountflags []
I0705 08:03:26.917195       1 mount_linux.go:147] Mounting cmd (mount) with arguments ([-t cifs -o username=f552731369e2711e986302a,password=...,file_mode=0777,dir_mode=0777,vers=3.0 //f552731369e2711e986302a.file.core.windows.net/pvc-file-dynamic-4f15d2c2-9efb-11e9-9b04-62a577470e82 /var/lib/kubelet/pods/54aecd2a-9efb-11e9-8cfc-6a8c114c6466/volumes/kubernetes.io~csi/pvc-488cf097-9efb-11e9-8cfc-6a8c114c6466/mount])
I0705 08:03:26.968993       1 utils.go:112] GRPC response: 
I0705 08:03:36.015340       1 utils.go:106] GRPC call: /csi.v1.Identity/GetPluginInfo
I0705 08:03:36.015361       1 utils.go:107] GRPC request: 
I0705 08:03:36.015394       1 identityserver.go:32] Using default GetPluginInfo
I0705 08:03:36.015399       1 utils.go:112] GRPC response: name:"file.csi.azure.com" vendor_version:"v0.2.0-alpha" 
I0705 08:03:36.016661       1 utils.go:106] GRPC call: /csi.v1.Identity/Probe
I0705 08:03:36.016679       1 utils.go:107] GRPC request: 
I0705 08:03:36.016708       1 utils.go:112] GRPC response: ready:<value:true > 
I0705 08:04:06.015271       1 utils.go:106] GRPC call: /csi.v1.Identity/GetPluginInfo
I0705 08:04:06.015295       1 utils.go:107] GRPC request: 
I0705 08:04:06.015411       1 identityserver.go:32] Using default GetPluginInfo
I0705 08:04:06.015521       1 utils.go:112] GRPC response: name:"file.csi.azure.com" vendor_version:"v0.2.0-alpha" 
I0705 08:04:06.016873       1 utils.go:106] GRPC call: /csi.v1.Identity/Probe
I0705 08:04:06.016890       1 utils.go:107] GRPC request: 
I0705 08:04:06.016933       1 utils.go:112] GRPC response: ready:<value:true > 
I0705 08:04:23.624652       1 utils.go:106] GRPC call: /csi.v1.Node/NodeUnpublishVolume
I0705 08:04:23.624673       1 utils.go:107] GRPC request: volume_id:"#f552731369e2711e986302a#pvc-file-dynamic-4f15d2c2-9efb-11e9-9b04-62a577470e82" target_path:"/var/lib/kubelet/pods/54aecd2a-9efb-11e9-8cfc-6a8c114c6466/volumes/kubernetes.io~csi/pvc-488cf097-9efb-11e9-8cfc-6a8c114c6466/mount" 
I0705 08:04:23.624764       1 mount_linux.go:212] Unmounting /var/lib/kubelet/pods/54aecd2a-9efb-11e9-8cfc-6a8c114c6466/volumes/kubernetes.io~csi/pvc-488cf097-9efb-11e9-8cfc-6a8c114c6466/mount
I0705 08:04:23.655975       1 nodeserver.go:180] azurefile: volume /var/lib/kubelet/pods/54aecd2a-9efb-11e9-8cfc-6a8c114c6466/volumes/kubernetes.io~csi/pvc-488cf097-9efb-11e9-8cfc-6a8c114c6466/mount/#f552731369e2711e986302a#pvc-file-dynamic-4f15d2c2-9efb-11e9-9b04-62a577470e82 has been unmounted.
I0705 08:04:23.655995       1 utils.go:112] GRPC response: 
I0705 08:04:23.717616       1 utils.go:106] GRPC call: /csi.v1.Node/NodeGetCapabilities
I0705 08:04:23.717635       1 utils.go:107] GRPC request: 
I0705 08:04:23.717726       1 nodeserver.go:219] Using default NodeGetCapabilities
I0705 08:04:23.717767       1 utils.go:112] GRPC response: capabilities:<rpc:<> > 
I0705 08:04:36.015166       1 utils.go:106] GRPC call: /csi.v1.Identity/GetPluginInfo
I0705 08:04:36.015369       1 utils.go:107] GRPC request: 
I0705 08:04:36.015419       1 identityserver.go:32] Using default GetPluginInfo
I0705 08:04:36.015424       1 utils.go:112] GRPC response: name:"file.csi.azure.com" vendor_version:"v0.2.0-alpha" 
I0705 08:04:36.017482       1 utils.go:106] GRPC call: /csi.v1.Identity/Probe
I0705 08:04:36.017616       1 utils.go:107] GRPC request: 
I0705 08:04:36.017655       1 utils.go:112] GRPC response: ready:<value:true > 
I0705 08:05:06.015552       1 utils.go:106] GRPC call: /csi.v1.Identity/GetPluginInfo
I0705 08:05:06.015575       1 utils.go:107] GRPC request: 
I0705 08:05:06.015611       1 identityserver.go:32] Using default GetPluginInfo
I0705 08:05:06.015616       1 utils.go:112] GRPC response: name:"file.csi.azure.com" vendor_version:"v0.2.0-alpha" 
I0705 08:05:06.017046       1 utils.go:106] GRPC call: /csi.v1.Identity/Probe
I0705 08:05:06.017062       1 utils.go:107] GRPC request: 
I0705 08:05:06.017112       1 utils.go:112] GRPC response: ready:<value:true > 
I0705 08:05:36.015321       1 utils.go:106] GRPC call: /csi.v1.Identity/GetPluginInfo
I0705 08:05:36.015339       1 utils.go:107] GRPC request: 
I0705 08:05:36.015413       1 identityserver.go:32] Using default GetPluginInfo
I0705 08:05:36.015428       1 utils.go:112] GRPC response: name:"file.csi.azure.com" vendor_version:"v0.2.0-alpha" 
I0705 08:05:36.016911       1 utils.go:106] GRPC call: /csi.v1.Identity/Probe
I0705 08:05:36.016923       1 utils.go:107] GRPC request: 
I0705 08:05:36.016950       1 utils.go:112] GRPC response: ready:<value:true > 
