I0704 06:44:57.817917       1 azurefile.go:80] 
DRIVER INFORMATION:
-------------------
Build Date: "2019-07-03T11:12:24Z"
Compiler: gc
Driver Name: file.csi.azure.com
Driver Version: v0.3.0
Git Commit: c2702de7ae716c9428b7366c79952e3163474092
Go Version: go1.12.1
Platform: linux/amd64

Streaming logs below:
I0704 06:44:57.818020       1 azure.go:31] AZURE_CREDENTIAL_FILE env var set as /etc/kubernetes/azure.json
I0704 06:44:57.821614       1 azure_auth.go:86] azure: using client_id+client_secret to retrieve access token
I0704 06:44:57.821637       1 azure.go:338] Azure cloudprovider (read ops) using rate limit config: QPS=3, bucket=10
I0704 06:44:57.821645       1 azure.go:342] Azure cloudprovider (write ops) using rate limit config: QPS=1, bucket=5
I0704 06:44:57.821652       1 azure.go:378] Azure cloudprovider using try backoff: retries=6, exponent=1.500000, duration=5, jitter=1.000000
I0704 06:44:57.821912       1 mount_linux.go:156] Detected OS without systemd
I0704 06:44:57.821922       1 driver.go:80] Enabling controller service capability: CREATE_DELETE_VOLUME
I0704 06:44:57.821927       1 driver.go:99] Enabling volume access mode: SINGLE_NODE_WRITER
I0704 06:44:57.821930       1 driver.go:99] Enabling volume access mode: SINGLE_NODE_READER_ONLY
I0704 06:44:57.821933       1 driver.go:99] Enabling volume access mode: MULTI_NODE_READER_ONLY
I0704 06:44:57.821954       1 driver.go:99] Enabling volume access mode: MULTI_NODE_SINGLE_WRITER
I0704 06:44:57.821957       1 driver.go:99] Enabling volume access mode: MULTI_NODE_MULTI_WRITER
I0704 06:44:57.821961       1 driver.go:90] Enabling node service capability: UNKNOWN
I0704 06:44:57.822318       1 server.go:104] Listening for connections on address: &net.UnixAddr{Name:"//csi/csi.sock", Net:"unix"}
I0704 06:44:58.410368       1 utils.go:111] GRPC call: /csi.v1.Identity/GetPluginInfo
I0704 06:44:58.410394       1 utils.go:112] GRPC request: 
I0704 06:44:58.410414       1 identityserver.go:32] Using default GetPluginInfo
I0704 06:44:58.410419       1 utils.go:118] GRPC response: name:"file.csi.azure.com" vendor_version:"v0.3.0" 
I0704 06:44:59.052105       1 utils.go:111] GRPC call: /csi.v1.Node/NodeGetInfo
I0704 06:44:59.052216       1 utils.go:112] GRPC request: 
I0704 06:44:59.052241       1 nodeserver.go:228] Using default NodeGetInfo
I0704 06:44:59.052278       1 utils.go:118] GRPC response: node_id:"aks-agentpool-41197296-0" 
I0704 06:45:54.676836       1 utils.go:111] GRPC call: /csi.v1.Identity/GetPluginInfo
I0704 06:45:54.676946       1 utils.go:112] GRPC request: 
I0704 06:45:54.677026       1 identityserver.go:32] Using default GetPluginInfo
I0704 06:45:54.677096       1 utils.go:118] GRPC response: name:"file.csi.azure.com" vendor_version:"v0.3.0" 
I0704 06:45:54.681118       1 utils.go:111] GRPC call: /csi.v1.Identity/Probe
I0704 06:45:54.681431       1 utils.go:112] GRPC request: 
I0704 06:45:54.681679       1 utils.go:118] GRPC response: ready:<value:true > 
I0704 06:46:24.673201       1 utils.go:111] GRPC call: /csi.v1.Identity/GetPluginInfo
I0704 06:46:24.673223       1 utils.go:112] GRPC request: 
I0704 06:46:24.673237       1 identityserver.go:32] Using default GetPluginInfo
I0704 06:46:24.673242       1 utils.go:118] GRPC response: name:"file.csi.azure.com" vendor_version:"v0.3.0" 
I0704 06:46:24.674653       1 utils.go:111] GRPC call: /csi.v1.Identity/Probe
I0704 06:46:24.674746       1 utils.go:112] GRPC request: 
I0704 06:46:24.674798       1 utils.go:118] GRPC response: ready:<value:true > 
I0704 06:46:54.673332       1 utils.go:111] GRPC call: /csi.v1.Identity/GetPluginInfo
I0704 06:46:54.673356       1 utils.go:112] GRPC request: 
I0704 06:46:54.673363       1 identityserver.go:32] Using default GetPluginInfo
I0704 06:46:54.673367       1 utils.go:118] GRPC response: name:"file.csi.azure.com" vendor_version:"v0.3.0" 
I0704 06:46:54.674779       1 utils.go:111] GRPC call: /csi.v1.Identity/Probe
I0704 06:46:54.674883       1 utils.go:112] GRPC request: 
I0704 06:46:54.674898       1 utils.go:118] GRPC response: ready:<value:true > 
I0704 06:47:24.673676       1 utils.go:111] GRPC call: /csi.v1.Identity/GetPluginInfo
I0704 06:47:24.673704       1 utils.go:112] GRPC request: 
I0704 06:47:24.673710       1 identityserver.go:32] Using default GetPluginInfo
I0704 06:47:24.673714       1 utils.go:118] GRPC response: name:"file.csi.azure.com" vendor_version:"v0.3.0" 
I0704 06:47:24.675784       1 utils.go:111] GRPC call: /csi.v1.Identity/Probe
I0704 06:47:24.675811       1 utils.go:112] GRPC request: 
I0704 06:47:24.675817       1 utils.go:118] GRPC response: ready:<value:true > 
I0704 06:47:57.673054       1 utils.go:111] GRPC call: /csi.v1.Identity/GetPluginInfo
I0704 06:47:57.673073       1 utils.go:112] GRPC request: 
I0704 06:47:57.673079       1 identityserver.go:32] Using default GetPluginInfo
I0704 06:47:57.673084       1 utils.go:118] GRPC response: name:"file.csi.azure.com" vendor_version:"v0.3.0" 
I0704 06:47:57.674694       1 utils.go:111] GRPC call: /csi.v1.Identity/Probe
I0704 06:47:57.674704       1 utils.go:112] GRPC request: 
I0704 06:47:57.674708       1 utils.go:118] GRPC response: ready:<value:true > 
I0704 06:48:13.360113       1 utils.go:111] GRPC call: /csi.v1.Node/NodeGetCapabilities
I0704 06:48:13.360131       1 utils.go:112] GRPC request: 
I0704 06:48:13.360137       1 nodeserver.go:219] Using default NodeGetCapabilities
I0704 06:48:13.360141       1 utils.go:118] GRPC response: capabilities:<rpc:<> > 
I0704 06:48:13.379881       1 utils.go:111] GRPC call: /csi.v1.Node/NodeGetCapabilities
I0704 06:48:13.379894       1 utils.go:112] GRPC request: 
I0704 06:48:13.379899       1 nodeserver.go:219] Using default NodeGetCapabilities
I0704 06:48:13.379903       1 utils.go:118] GRPC response: capabilities:<rpc:<> > 
I0704 06:48:13.388036       1 utils.go:111] GRPC call: /csi.v1.Node/NodePublishVolume
I0704 06:48:13.388058       1 utils.go:112] GRPC request: volume_id:"#f552731369e2711e986302a#pvc-54caa11f-9e27-11e9-ba7b-0601775d3b69" target_path:"/var/lib/kubelet/pods/a8392f0b-9e27-11e9-ba7b-0601775d3b69/volumes/kubernetes.io~csi/pvc-54caa11f-9e27-11e9-ba7b-0601775d3b69/mount" volume_capability:<mount:<fs_type:"ext4" > access_mode:<mode:MULTI_NODE_MULTI_WRITER > > volume_context:<key:"skuName" value:"Standard_LRS" > volume_context:<key:"storage.kubernetes.io/csiProvisionerIdentity" value:"1562222664584-8081-file.csi.azure.com" > 
I0704 06:48:13.388095       1 nodeserver.go:76] target /var/lib/kubelet/pods/a8392f0b-9e27-11e9-ba7b-0601775d3b69/volumes/kubernetes.io~csi/pvc-54caa11f-9e27-11e9-ba7b-0601775d3b69/mount
fstype ext4

readonly false
volumeId #f552731369e2711e986302a#pvc-54caa11f-9e27-11e9-ba7b-0601775d3b69
context map[skuName:Standard_LRS storage.kubernetes.io/csiProvisionerIdentity:1562222664584-8081-file.csi.azure.com]
mountflags []
I0704 06:48:13.772586       1 mount_linux.go:138] Mounting cmd (mount) with arguments ([-t cifs -o username=f552731369e2711e986302a,password=...,file_mode=0777,dir_mode=0777,vers=3.0 //f552731369e2711e986302a.file.core.windows.net/pvc-54caa11f-9e27-11e9-ba7b-0601775d3b69 /var/lib/kubelet/pods/a8392f0b-9e27-11e9-ba7b-0601775d3b69/volumes/kubernetes.io~csi/pvc-54caa11f-9e27-11e9-ba7b-0601775d3b69/mount])
I0704 06:48:13.931604       1 utils.go:118] GRPC response: 
I0704 06:48:24.673605       1 utils.go:111] GRPC call: /csi.v1.Identity/GetPluginInfo
I0704 06:48:24.673827       1 utils.go:112] GRPC request: 
I0704 06:48:24.673903       1 identityserver.go:32] Using default GetPluginInfo
I0704 06:48:24.673970       1 utils.go:118] GRPC response: name:"file.csi.azure.com" vendor_version:"v0.3.0" 
I0704 06:48:24.675476       1 utils.go:111] GRPC call: /csi.v1.Identity/Probe
I0704 06:48:24.675527       1 utils.go:112] GRPC request: 
I0704 06:48:24.675532       1 utils.go:118] GRPC response: ready:<value:true > 
I0704 06:48:54.673385       1 utils.go:111] GRPC call: /csi.v1.Identity/GetPluginInfo
I0704 06:48:54.673405       1 utils.go:112] GRPC request: 
I0704 06:48:54.673427       1 identityserver.go:32] Using default GetPluginInfo
I0704 06:48:54.673431       1 utils.go:118] GRPC response: name:"file.csi.azure.com" vendor_version:"v0.3.0" 
I0704 06:48:54.674974       1 utils.go:111] GRPC call: /csi.v1.Identity/Probe
I0704 06:48:54.674989       1 utils.go:112] GRPC request: 
I0704 06:48:54.674995       1 utils.go:118] GRPC response: ready:<value:true > 
I0704 06:49:24.673303       1 utils.go:111] GRPC call: /csi.v1.Identity/GetPluginInfo
I0704 06:49:24.673341       1 utils.go:112] GRPC request: 
I0704 06:49:24.673346       1 identityserver.go:32] Using default GetPluginInfo
I0704 06:49:24.673350       1 utils.go:118] GRPC response: name:"file.csi.azure.com" vendor_version:"v0.3.0" 
I0704 06:49:24.675062       1 utils.go:111] GRPC call: /csi.v1.Identity/Probe
I0704 06:49:24.675090       1 utils.go:112] GRPC request: 
I0704 06:49:24.675096       1 utils.go:118] GRPC response: ready:<value:true > 
I0704 06:49:54.674207       1 utils.go:111] GRPC call: /csi.v1.Identity/GetPluginInfo
I0704 06:49:54.674226       1 utils.go:112] GRPC request: 
I0704 06:49:54.674248       1 identityserver.go:32] Using default GetPluginInfo
I0704 06:49:54.674252       1 utils.go:118] GRPC response: name:"file.csi.azure.com" vendor_version:"v0.3.0" 
I0704 06:49:54.675460       1 utils.go:111] GRPC call: /csi.v1.Identity/Probe
I0704 06:49:54.675592       1 utils.go:112] GRPC request: 
I0704 06:49:54.675597       1 utils.go:118] GRPC response: ready:<value:true > 
I0704 06:50:24.673666       1 utils.go:111] GRPC call: /csi.v1.Identity/GetPluginInfo
I0704 06:50:24.673714       1 utils.go:112] GRPC request: 
I0704 06:50:24.673721       1 identityserver.go:32] Using default GetPluginInfo
I0704 06:50:24.673725       1 utils.go:118] GRPC response: name:"file.csi.azure.com" vendor_version:"v0.3.0" 
I0704 06:50:24.675116       1 utils.go:111] GRPC call: /csi.v1.Identity/Probe
I0704 06:50:24.675128       1 utils.go:112] GRPC request: 
I0704 06:50:24.675134       1 utils.go:118] GRPC response: ready:<value:true > 
I0704 06:50:54.672897       1 utils.go:111] GRPC call: /csi.v1.Identity/GetPluginInfo
I0704 06:50:54.672922       1 utils.go:112] GRPC request: 
I0704 06:50:54.672929       1 identityserver.go:32] Using default GetPluginInfo
I0704 06:50:54.672933       1 utils.go:118] GRPC response: name:"file.csi.azure.com" vendor_version:"v0.3.0" 
I0704 06:50:54.674250       1 utils.go:111] GRPC call: /csi.v1.Identity/Probe
I0704 06:50:54.674278       1 utils.go:112] GRPC request: 
I0704 06:50:54.674284       1 utils.go:118] GRPC response: ready:<value:true > 
I0704 06:51:24.673674       1 utils.go:111] GRPC call: /csi.v1.Identity/GetPluginInfo
I0704 06:51:24.673696       1 utils.go:112] GRPC request: 
I0704 06:51:24.673702       1 identityserver.go:32] Using default GetPluginInfo
I0704 06:51:24.673706       1 utils.go:118] GRPC response: name:"file.csi.azure.com" vendor_version:"v0.3.0" 
I0704 06:51:24.676259       1 utils.go:111] GRPC call: /csi.v1.Identity/Probe
I0704 06:51:24.676385       1 utils.go:112] GRPC request: 
I0704 06:51:24.676529       1 utils.go:118] GRPC response: ready:<value:true > 
I0704 06:51:34.566409       1 utils.go:111] GRPC call: /csi.v1.Node/NodeUnpublishVolume
I0704 06:51:34.566491       1 utils.go:112] GRPC request: volume_id:"#f552731369e2711e986302a#pvc-54caa11f-9e27-11e9-ba7b-0601775d3b69" target_path:"/var/lib/kubelet/pods/a8392f0b-9e27-11e9-ba7b-0601775d3b69/volumes/kubernetes.io~csi/pvc-54caa11f-9e27-11e9-ba7b-0601775d3b69/mount" 
I0704 06:51:34.566501       1 mount_linux.go:203] Unmounting /var/lib/kubelet/pods/a8392f0b-9e27-11e9-ba7b-0601775d3b69/volumes/kubernetes.io~csi/pvc-54caa11f-9e27-11e9-ba7b-0601775d3b69/mount
I0704 06:51:34.592325       1 nodeserver.go:180] azurefile: volume /var/lib/kubelet/pods/a8392f0b-9e27-11e9-ba7b-0601775d3b69/volumes/kubernetes.io~csi/pvc-54caa11f-9e27-11e9-ba7b-0601775d3b69/mount/#f552731369e2711e986302a#pvc-54caa11f-9e27-11e9-ba7b-0601775d3b69 has been unmounted.
I0704 06:51:34.592360       1 utils.go:118] GRPC response: 
I0704 06:51:34.664184       1 utils.go:111] GRPC call: /csi.v1.Node/NodeGetCapabilities
I0704 06:51:34.664207       1 utils.go:112] GRPC request: 
I0704 06:51:34.664234       1 nodeserver.go:219] Using default NodeGetCapabilities
I0704 06:51:34.664238       1 utils.go:118] GRPC response: capabilities:<rpc:<> > 
I0704 06:51:54.673687       1 utils.go:111] GRPC call: /csi.v1.Identity/GetPluginInfo
I0704 06:51:54.673731       1 utils.go:112] GRPC request: 
I0704 06:51:54.673737       1 identityserver.go:32] Using default GetPluginInfo
I0704 06:51:54.673741       1 utils.go:118] GRPC response: name:"file.csi.azure.com" vendor_version:"v0.3.0" 
I0704 06:51:54.675309       1 utils.go:111] GRPC call: /csi.v1.Identity/Probe
I0704 06:51:54.675326       1 utils.go:112] GRPC request: 
I0704 06:51:54.675331       1 utils.go:118] GRPC response: ready:<value:true > 
I0704 06:52:24.673255       1 utils.go:111] GRPC call: /csi.v1.Identity/GetPluginInfo
I0704 06:52:24.673285       1 utils.go:112] GRPC request: 
I0704 06:52:24.673291       1 identityserver.go:32] Using default GetPluginInfo
I0704 06:52:24.673295       1 utils.go:118] GRPC response: name:"file.csi.azure.com" vendor_version:"v0.3.0" 
I0704 06:52:24.675178       1 utils.go:111] GRPC call: /csi.v1.Identity/Probe
I0704 06:52:24.675224       1 utils.go:112] GRPC request: 
I0704 06:52:24.675280       1 utils.go:118] GRPC response: ready:<value:true > 
I0704 06:52:54.673194       1 utils.go:111] GRPC call: /csi.v1.Identity/GetPluginInfo
I0704 06:52:54.673210       1 utils.go:112] GRPC request: 
I0704 06:52:54.673216       1 identityserver.go:32] Using default GetPluginInfo
I0704 06:52:54.673220       1 utils.go:118] GRPC response: name:"file.csi.azure.com" vendor_version:"v0.3.0" 
I0704 06:52:54.674202       1 utils.go:111] GRPC call: /csi.v1.Identity/Probe
I0704 06:52:54.674217       1 utils.go:112] GRPC request: 
I0704 06:52:54.674222       1 utils.go:118] GRPC response: ready:<value:true > 
I0704 06:53:24.673315       1 utils.go:111] GRPC call: /csi.v1.Identity/GetPluginInfo
I0704 06:53:24.673338       1 utils.go:112] GRPC request: 
I0704 06:53:24.673344       1 identityserver.go:32] Using default GetPluginInfo
I0704 06:53:24.673348       1 utils.go:118] GRPC response: name:"file.csi.azure.com" vendor_version:"v0.3.0" 
I0704 06:53:24.675589       1 utils.go:111] GRPC call: /csi.v1.Identity/Probe
I0704 06:53:24.675742       1 utils.go:112] GRPC request: 
I0704 06:53:24.675757       1 utils.go:118] GRPC response: ready:<value:true > 
I0704 06:53:54.672927       1 utils.go:111] GRPC call: /csi.v1.Identity/GetPluginInfo
I0704 06:53:54.672950       1 utils.go:112] GRPC request: 
I0704 06:53:54.672956       1 identityserver.go:32] Using default GetPluginInfo
I0704 06:53:54.672961       1 utils.go:118] GRPC response: name:"file.csi.azure.com" vendor_version:"v0.3.0" 
I0704 06:53:54.674631       1 utils.go:111] GRPC call: /csi.v1.Identity/Probe
I0704 06:53:54.674692       1 utils.go:112] GRPC request: 
I0704 06:53:54.674717       1 utils.go:118] GRPC response: ready:<value:true > 
I0704 06:54:24.673342       1 utils.go:111] GRPC call: /csi.v1.Identity/GetPluginInfo
I0704 06:54:24.673372       1 utils.go:112] GRPC request: 
I0704 06:54:24.673435       1 identityserver.go:32] Using default GetPluginInfo
I0704 06:54:24.673441       1 utils.go:118] GRPC response: name:"file.csi.azure.com" vendor_version:"v0.3.0" 
I0704 06:54:24.674851       1 utils.go:111] GRPC call: /csi.v1.Identity/Probe
I0704 06:54:24.674958       1 utils.go:112] GRPC request: 
I0704 06:54:24.675025       1 utils.go:118] GRPC response: ready:<value:true > 
I0704 06:54:54.673384       1 utils.go:111] GRPC call: /csi.v1.Identity/GetPluginInfo
I0704 06:54:54.673406       1 utils.go:112] GRPC request: 
I0704 06:54:54.673412       1 identityserver.go:32] Using default GetPluginInfo
I0704 06:54:54.673416       1 utils.go:118] GRPC response: name:"file.csi.azure.com" vendor_version:"v0.3.0" 
I0704 06:54:54.675020       1 utils.go:111] GRPC call: /csi.v1.Identity/Probe
I0704 06:54:54.675033       1 utils.go:112] GRPC request: 
I0704 06:54:54.675039       1 utils.go:118] GRPC response: ready:<value:true > 
I0704 06:55:24.673126       1 utils.go:111] GRPC call: /csi.v1.Identity/GetPluginInfo
I0704 06:55:24.673151       1 utils.go:112] GRPC request: 
I0704 06:55:24.673158       1 identityserver.go:32] Using default GetPluginInfo
I0704 06:55:24.673162       1 utils.go:118] GRPC response: name:"file.csi.azure.com" vendor_version:"v0.3.0" 
I0704 06:55:24.675376       1 utils.go:111] GRPC call: /csi.v1.Identity/Probe
I0704 06:55:24.675431       1 utils.go:112] GRPC request: 
I0704 06:55:24.675453       1 utils.go:118] GRPC response: ready:<value:true > 
I0704 06:55:54.673306       1 utils.go:111] GRPC call: /csi.v1.Identity/GetPluginInfo
I0704 06:55:54.673417       1 utils.go:112] GRPC request: 
I0704 06:55:54.673471       1 identityserver.go:32] Using default GetPluginInfo
I0704 06:55:54.673543       1 utils.go:118] GRPC response: name:"file.csi.azure.com" vendor_version:"v0.3.0" 
I0704 06:55:54.675025       1 utils.go:111] GRPC call: /csi.v1.Identity/Probe
I0704 06:55:54.675212       1 utils.go:112] GRPC request: 
I0704 06:55:54.675283       1 utils.go:118] GRPC response: ready:<value:true > 
